<?xml version="1.0" encoding="UTF-8"?>
<testng-results ignored="0" total="1" passed="1" failed="0" skipped="0">
  <reporter-output>
  </reporter-output>
  <suite started-at="2024-01-30T17:36:53 IST" name="Default suite" finished-at="2024-01-30T17:36:53 IST" duration-ms="85">
    <groups>
    </groups>
    <test started-at="2024-01-30T17:36:53 IST" name="Default test" finished-at="2024-01-30T17:36:53 IST" duration-ms="85">
      <class name="demoPack.Demotest">
        <test-method signature="demotest()[pri:0, instance:demoPack.Demotest@4d5d943d]" started-at="2024-01-30T17:36:53 IST" name="demotest" finished-at="2024-01-30T17:36:53 IST" duration-ms="14" status="PASS">
          <reporter-output>
          </reporter-output>
        </test-method> <!-- demotest -->
      </class> <!-- demoPack.Demotest -->
    </test> <!-- Default test -->
  </suite> <!-- Default suite -->
</testng-results>
